>>>start logging>>>
2020-Jan-06 16:24:28 INFO my_logger.py:<module> line:39 thread:MainThread-4557534656
>hello world
2020-Jan-06 16:24:28 WARNING my_logger.py:<module> line:40 thread:MainThread-4557534656
>warn msg
2020-Jan-06 16:24:28 INFO my_logger.py:<module> line:44 thread:MainThread-4557534656
>hello world 2
>>>start logging>>>
>>>start logging>>>
>>>start logging>>>
>>>start logging>>>
>>>start logging>>>
>>>start logging>>>
>>>start logging>>>
>>>start logging>>>
>>>start logging>>>
>>>start logging>>>
>>>start logging>>>
>>>start logging>>>
>>>start logging>>>
>>>start logging>>>
>>>start logging>>>
>>>start logging>>>
>>>start logging>>>
>>>start logging>>>
>>>start logging>>>
>>>start logging>>>
>>>start logging>>>
>>>start logging>>>
>>>start logging>>>
>>>start logging>>>
>>>start logging>>>
>>>start logging>>>
>>>start logging>>>
>>>start logging>>>
>>>start logging>>>
>>>start logging>>>
>>>start logging>>>
>>>start logging>>>
>>>start logging>>>
>>>start logging>>>
>>>start logging>>>
>>>start logging>>>
>>>start logging>>>
>>>start logging>>>
>>>start logging>>>
>>>start logging>>>
>>>start logging>>>
>>>start logging>>>
>>>start logging>>>
>>>start logging>>>
>>>start logging>>>
>>>start logging>>>
>>>start logging>>>
>>>start logging>>>
>>>start logging>>>
>>>start logging>>>
>>>start logging>>>
>>>start logging>>>
>>>start logging>>>
>>>start logging>>>
>>>start logging>>>
>>>start logging>>>
>>>start logging>>>
>>>start logging>>>
>>>start logging>>>
>>>start logging>>>
>>>start logging>>>
>>>start logging>>>
>>>start logging>>>
>>>start logging>>>
>>>start logging>>>
>>>start logging>>>
>>>start logging>>>
>>>start logging>>>
>>>start logging>>>
>>>start logging>>>
>>>start logging>>>
>>>start logging>>>
>>>start logging>>>
>>>start logging>>>
>>>start logging>>>
>>>start logging>>>
>>>start logging>>>
>>>start logging>>>
>>>start logging>>>
>>>start logging>>>
>>>start logging>>>
>>>start logging>>>
>>>start logging>>>
>>>start logging>>>
>>>start logging>>>
>>>start logging>>>
>>>start logging>>>
>>>start logging>>>
>>>start logging>>>
>>>start logging>>>
>>>start logging>>>
>>>start logging>>>
>>>start logging>>>
>>>start logging>>>
>>>start logging>>>
>>>start logging>>>
>>>start logging>>>
>>>start logging>>>
>>>start logging>>>
>>>start logging>>>
>>>start logging>>>
>>>start logging>>>
>>>start logging>>>
>>>start logging>>>
>>>start logging>>>
>>>start logging>>>
>>>start logging>>>
>>>start logging>>>
>>>start logging>>>
>>>start logging>>>
>>>start logging>>>
>>>start logging>>>
>>>start logging>>>
>>>start logging>>>
>>>start logging>>>
>>>start logging>>>
>>>start logging>>>
>>>start logging>>>
>>>start logging>>>
>>>start logging>>>
>>>start logging>>>
>>>start logging>>>
>>>start logging>>>
>>>start logging>>>
>>>start logging>>>
>>>start logging>>>
>>>start logging>>>
>>>start logging>>>
>>>start logging>>>
>>>start logging>>>
>>>start logging>>>
>>>start logging>>>
>>>start logging>>>
>>>start logging>>>
>>>start logging>>>
>>>start logging>>>
>>>start logging>>>
>>>start logging>>>
>>>start logging>>>
>>>start logging>>>
>>>start logging>>>
>>>start logging>>>
>>>start logging>>>
>>>start logging>>>
>>>start logging>>>
>>>start logging>>>
>>>start logging>>>
>>>start logging>>>
>>>start logging>>>
>>>start logging>>>
>>>start logging>>>
>>>start logging>>>
>>>start logging>>>
>>>start logging>>>
>>>start logging>>>
>>>start logging>>>
>>>start logging>>>
>>>start logging>>>
>>>start logging>>>
>>>start logging>>>
>>>start logging>>>
>>>start logging>>>
>>>start logging>>>
>>>start logging>>>
>>>start logging>>>
>>>start logging>>>
>>>start logging>>>
>>>start logging>>>
>>>start logging>>>
>>>start logging>>>
>>>start logging>>>
>>>start logging>>>
>>>start logging>>>
>>>start logging>>>
>>>start logging>>>
>>>start logging>>>
>>>start logging>>>
>>>start logging>>>
>>>start logging>>>
>>>start logging>>>
>>>start logging>>>
>>>start logging>>>
>>>start logging>>>
>>>start logging>>>
>>>start logging>>>
>>>start logging>>>
>>>start logging>>>
>>>start logging>>>
>>>start logging>>>
>>>start logging>>>
>>>start logging>>>
>>>start logging>>>
>>>start logging>>>
>>>start logging>>>
>>>start logging>>>
>>>start logging>>>
>>>start logging>>>
>>>start logging>>>
>>>start logging>>>
>>>start logging>>>
>>>start logging>>>
>>>start logging>>>
>>>start logging>>>
>>>start logging>>>
>>>start logging>>>
>>>start logging>>>
>>>start logging>>>
>>>start logging>>>
>>>start logging>>>
>>>start logging>>>
>>>start logging>>>
>>>start logging>>>
>>>start logging>>>
>>>start logging>>>
>>>start logging>>>
>>>start logging>>>
>>>start logging>>>
>>>start logging>>>
>>>start logging>>>
>>>start logging>>>
>>>start logging>>>
>>>start logging>>>
>>>start logging>>>
>>>start logging>>>
>>>start logging>>>
>>>start logging>>>
>>>start logging>>>
>>>start logging>>>
>>>start logging>>>
>>>start logging>>>
>>>start logging>>>
>>>start logging>>>
>>>start logging>>>
>>>start logging>>>
>>>start logging>>>
>>>start logging>>>
>>>start logging>>>
>>>start logging>>>
>>>start logging>>>
>>>start logging>>>
>>>start logging>>>
